[    0.000000] Initializing cgroup subsys cpuset
[    0.000000] Initializing cgroup subsys cpu
[    0.000000] Initializing cgroup subsys cpuacct
[    0.000000] Linux version 4.4.0-93-generic (buildd@lgw01-03) (gcc version 5.4.0 20160609 (Ubuntu 5.4.0-6ubuntu1~16.04.4) ) #116-Ubuntu SMP Fri Aug 11 21:17:51 UTC 2017 (Ubuntu 4.4.0-93.116-generic 4.4.79)
[    0.000000] Command line: BOOT_IMAGE=/boot/vmlinuz-4.4.0-93-generic root=LABEL=cloudimg-rootfs ro console=tty1 console=ttyS0
[    0.000000] KERNEL supported cpus:
[    0.000000]   Intel GenuineIntel
[    0.000000]   AMD AuthenticAMD
[    0.000000]   Centaur CentaurHauls
[    0.000000] ------------[ cut here ]------------
[    0.000000] WARNING: CPU: 0 PID: 0 at /build/linux-YyUNAI/linux-4.4.0/arch/x86/kernel/fpu/xstate.c:517 fpu__init_system_xstate+0x38b/0x75a()
[    0.000000] XSAVE consistency problem, dumping leaves
[    0.000000] Modules linked in:
[    0.000000] CPU: 0 PID: 0 Comm: swapper Not tainted 4.4.0-93-generic #116-Ubuntu
[    0.000000]  0000000000000086 dc267530ed2dc3af ffffffff81e03d80 ffffffff813f9f83
[    0.000000]  ffffffff81e03dc8 ffffffff81caa428 ffffffff81e03db8 ffffffff810812f2
[    0.000000]  ffffffff81e03e48 ffffffff81e03e4c 0000000000000008 0000000000000100
[    0.000000] Call Trace:
[    0.000000]  [<ffffffff813f9f83>] dump_stack+0x63/0x90
[    0.000000]  [<ffffffff810812f2>] warn_slowpath_common+0x82/0xc0
[    0.000000]  [<ffffffff8108138c>] warn_slowpath_fmt+0x5c/0x80
[    0.000000]  [<ffffffff8107d000>] ? xfeature_size+0x59/0x77
[    0.000000]  [<ffffffff81f6e20b>] fpu__init_system_xstate+0x38b/0x75a
[    0.000000]  [<ffffffff81f5e120>] ? early_idt_handler_array+0x120/0x120
[    0.000000]  [<ffffffff81f6db76>] fpu__init_system+0x10d/0x245
[    0.000000]  [<ffffffff81f6ec7f>] early_cpu_init+0x139/0x13e
[    0.000000]  [<ffffffff81f6ec7f>] ? early_cpu_init+0x139/0x13e
[    0.000000]  [<ffffffff81f6a181>] setup_arch+0xb4/0xcf6
[    0.000000]  [<ffffffff81f5e120>] ? early_idt_handler_array+0x120/0x120
[    0.000000]  [<ffffffff81f5ec74>] start_kernel+0xe4/0x4a2
[    0.000000]  [<ffffffff81f5e120>] ? early_idt_handler_array+0x120/0x120
[    0.000000]  [<ffffffff81f5e339>] x86_64_start_reservations+0x2a/0x2c
[    0.000000]  [<ffffffff81f5e485>] x86_64_start_kernel+0x14a/0x16d
[    0.000000] ---[ end trace 4d5ff9f2f68c4233 ]---
[    0.000000] CPUID[0d, 00]: eax=00000007 ebx=00000440 ecx=00000440 edx=00000000
[    0.000000] CPUID[0d, 01]: eax=00000000 ebx=000003c0 ecx=00000000 edx=00000000
[    0.000000] CPUID[0d, 02]: eax=00000100 ebx=00000240 ecx=00000000 edx=00000000
[    0.000000] CPUID[0d, 03]: eax=00000000 ebx=00000000 ecx=00000000 edx=00000000
[    0.000000] CPUID[0d, 04]: eax=00000000 ebx=00000000 ecx=00000000 edx=00000000
[    0.000000] CPUID[0d, 05]: eax=00000000 ebx=00000000 ecx=00000000 edx=00000000
[    0.000000] CPUID[0d, 06]: eax=00000000 ebx=00000000 ecx=00000000 edx=00000000
[    0.000000] CPUID[0d, 07]: eax=00000000 ebx=00000000 ecx=00000000 edx=00000000
[    0.000000] CPUID[0d, 08]: eax=00000000 ebx=00000000 ecx=00000000 edx=00000000
[    0.000000] CPUID[0d, 09]: eax=00000000 ebx=00000000 ecx=00000000 edx=00000000
[    0.000000] CPUID[0d, 0a]: eax=00000000 ebx=00000000 ecx=00000000 edx=00000000
[    0.000000] CPUID[0d, 0b]: eax=00000000 ebx=00000000 ecx=00000000 edx=00000000
[    0.000000] CPUID[0d, 0c]: eax=00000000 ebx=00000000 ecx=00000000 edx=00000000
[    0.000000] CPUID[0d, 0d]: eax=00000000 ebx=00000000 ecx=00000000 edx=00000000
[    0.000000] CPUID[0d, 0e]: eax=00000000 ebx=00000000 ecx=00000000 edx=00000000
[    0.000000] CPUID[0d, 0f]: eax=00000000 ebx=00000000 ecx=00000000 edx=00000000
[    0.000000] CPUID[0d, 10]: eax=00000000 ebx=00000000 ecx=00000000 edx=00000000
[    0.000000] CPUID[0d, 11]: eax=00000000 ebx=00000000 ecx=00000000 edx=00000000
[    0.000000] x86/fpu: xstate_offset[2]:  576, xstate_sizes[2]:  256
[    0.000000] x86/fpu: Supporting XSAVE feature 0x01: 'x87 floating point registers'
[    0.000000] x86/fpu: Supporting XSAVE feature 0x02: 'SSE registers'
[    0.000000] x86/fpu: Supporting XSAVE feature 0x04: 'AVX registers'
[    0.000000] x86/fpu: Enabled xstate features 0x7, context size is 1088 bytes, using 'standard' format.
[    0.000000] x86/fpu: Using 'lazy' FPU context switches.
[    0.000000] e820: BIOS-provided physical RAM map:
[    0.000000] BIOS-e820: [mem 0x0000000000000000-0x000000000009fbff] usable
[    0.000000] BIOS-e820: [mem 0x000000000009fc00-0x000000000009ffff] reserved
[    0.000000] BIOS-e820: [mem 0x00000000000f0000-0x00000000000fffff] reserved
[    0.000000] BIOS-e820: [mem 0x0000000000100000-0x00000000dffeffff] usable
[    0.000000] BIOS-e820: [mem 0x00000000dfff0000-0x00000000dfffffff] ACPI data
[    0.000000] BIOS-e820: [mem 0x00000000fec00000-0x00000000fec00fff] reserved
[    0.000000] BIOS-e820: [mem 0x00000000fee00000-0x00000000fee00fff] reserved
[    0.000000] BIOS-e820: [mem 0x00000000fffc0000-0x00000000ffffffff] reserved
[    0.000000] BIOS-e820: [mem 0x0000000100000000-0x000000011fffffff] usable
[    0.000000] NX (Execute Disable) protection: active
[    0.000000] SMBIOS 2.5 present.
[    0.000000] Hypervisor detected: KVM
[    0.000000] e820: last_pfn = 0x120000 max_arch_pfn = 0x400000000
[    0.000000] MTRR: Disabled
[    0.000000] x86/PAT: MTRRs disabled, skipping PAT initialization too.
[    0.000000] CPU MTRRs all blank - virtualized system.
[    0.000000] x86/PAT: Configuration [0-7]: WB  WT  UC- UC  WB  WT  UC- UC  
[    0.000000] e820: last_pfn = 0xdfff0 max_arch_pfn = 0x400000000
[    0.000000] found SMP MP-table at [mem 0x0009fff0-0x0009ffff] mapped at [ffff88000009fff0]
[    0.000000] Scanning 1 areas for low memory corruption
[    0.000000] RAMDISK: [mem 0x36ada000-0x37564fff]
[    0.000000] ACPI: Early table checksum verification disabled
[    0.000000] ACPI: RSDP 0x00000000000E0000 000024 (v02 VBOX  )
[    0.000000] ACPI: XSDT 0x00000000DFFF0030 00003C (v01 VBOX   VBOXXSDT 00000001 ASL  00000061)
[    0.000000] ACPI: FACP 0x00000000DFFF00F0 0000F4 (v04 VBOX   VBOXFACP 00000001 ASL  00000061)
[    0.000000] ACPI: DSDT 0x00000000DFFF0470 0021FF (v02 VBOX   VBOXBIOS 00000002 INTL 20160108)
[    0.000000] ACPI: FACS 0x00000000DFFF0200 000040
[    0.000000] ACPI: FACS 0x00000000DFFF0200 000040
[    0.000000] ACPI: APIC 0x00000000DFFF0240 00005C (v02 VBOX   VBOXAPIC 00000001 ASL  00000061)
[    0.000000] ACPI: SSDT 0x00000000DFFF02A0 0001CC (v01 VBOX   VBOXCPUT 00000002 INTL 20160108)
[    0.000000] No NUMA configuration found
[    0.000000] Faking a node at [mem 0x0000000000000000-0x000000011fffffff]
[    0.000000] NODE_DATA(0) allocated [mem 0x11fff7000-0x11fffbfff]
[    0.000000] kvm-clock: Using msrs 4b564d01 and 4b564d00
[    0.000000] kvm-clock: cpu 0, msr 1:1ffef001, primary cpu clock
[    0.000000] kvm-clock: using sched offset of 3160587195 cycles
[    0.000000] clocksource: kvm-clock: mask: 0xffffffffffffffff max_cycles: 0x1cd42e4dffb, max_idle_ns: 881590591483 ns
[    0.000000] Zone ranges:
[    0.000000]   DMA      [mem 0x0000000000001000-0x0000000000ffffff]
[    0.000000]   DMA32    [mem 0x0000000001000000-0x00000000ffffffff]
[    0.000000]   Normal   [mem 0x0000000100000000-0x000000011fffffff]
[    0.000000]   Device   empty
[    0.000000] Movable zone start for each node
[    0.000000] Early memory node ranges
[    0.000000]   node   0: [mem 0x0000000000001000-0x000000000009efff]
[    0.000000]   node   0: [mem 0x0000000000100000-0x00000000dffeffff]
[    0.000000]   node   0: [mem 0x0000000100000000-0x000000011fffffff]
[    0.000000] Initmem setup node 0 [mem 0x0000000000001000-0x000000011fffffff]
[    0.000000] ACPI: PM-Timer IO Port: 0x4008
[    0.000000] IOAPIC[0]: apic_id 2, version 32, address 0xfec00000, GSI 0-23
[    0.000000] ACPI: INT_SRC_OVR (bus 0 bus_irq 0 global_irq 2 dfl dfl)
[    0.000000] ACPI: INT_SRC_OVR (bus 0 bus_irq 9 global_irq 9 high level)
[    0.000000] Using ACPI (MADT) for SMP configuration information
[    0.000000] smpboot: Allowing 2 CPUs, 0 hotplug CPUs
[    0.000000] PM: Registered nosave memory: [mem 0x00000000-0x00000fff]
[    0.000000] PM: Registered nosave memory: [mem 0x0009f000-0x0009ffff]
[    0.000000] PM: Registered nosave memory: [mem 0x000a0000-0x000effff]
[    0.000000] PM: Registered nosave memory: [mem 0x000f0000-0x000fffff]
[    0.000000] PM: Registered nosave memory: [mem 0xdfff0000-0xdfffffff]
[    0.000000] PM: Registered nosave memory: [mem 0xe0000000-0xfebfffff]
[    0.000000] PM: Registered nosave memory: [mem 0xfec00000-0xfec00fff]
[    0.000000] PM: Registered nosave memory: [mem 0xfec01000-0xfedfffff]
[    0.000000] PM: Registered nosave memory: [mem 0xfee00000-0xfee00fff]
[    0.000000] PM: Registered nosave memory: [mem 0xfee01000-0xfffbffff]
[    0.000000] PM: Registered nosave memory: [mem 0xfffc0000-0xffffffff]
[    0.000000] e820: [mem 0xe0000000-0xfebfffff] available for PCI devices
[    0.000000] Booting paravirtualized kernel on KVM
[    0.000000] clocksource: refined-jiffies: mask: 0xffffffff max_cycles: 0xffffffff, max_idle_ns: 7645519600211568 ns
[    0.000000] setup_percpu: NR_CPUS:512 nr_cpumask_bits:512 nr_cpu_ids:2 nr_node_ids:1
[    0.000000] PERCPU: Embedded 34 pages/cpu @ffff88011fc00000 s98328 r8192 d32744 u1048576
[    0.000000] PV qspinlock hash table entries: 256 (order: 0, 4096 bytes)
[    0.000000] Built 1 zonelists in Node order, mobility grouping on.  Total pages: 1032057
[    0.000000] Policy zone: Normal
[    0.000000] Kernel command line: BOOT_IMAGE=/boot/vmlinuz-4.4.0-93-generic root=LABEL=cloudimg-rootfs ro console=tty1 console=ttyS0
[    0.000000] PID hash table entries: 4096 (order: 3, 32768 bytes)
[    0.000000] Memory: 4032280K/4193848K available (8479K kernel code, 1294K rwdata, 3984K rodata, 1492K init, 1316K bss, 161568K reserved, 0K cma-reserved)
[    0.000000] SLUB: HWalign=64, Order=0-3, MinObjects=0, CPUs=2, Nodes=1
[    0.000000] Hierarchical RCU implementation.
[    0.000000] 	Build-time adjustment of leaf fanout to 64.
[    0.000000] 	RCU restricting CPUs from NR_CPUS=512 to nr_cpu_ids=2.
[    0.000000] RCU: Adjusting geometry for rcu_fanout_leaf=64, nr_cpu_ids=2
[    0.000000] NR_IRQS:33024 nr_irqs:440 16
[    0.000000] Console: colour VGA+ 80x25
[    0.000000] console [tty1] enabled
[    0.000000] console [ttyS0] enabled
[    0.000000] tsc: Detected 2807.994 MHz processor
[   27.769661] Calibrating delay loop (skipped) preset value.. 5615.98 BogoMIPS (lpj=11231976)
[   28.004201] pid_max: default: 32768 minimum: 301
[   28.135662] ACPI: Core revision 20150930
[   28.252925] ACPI: 2 ACPI AML tables successfully acquired and loaded
[   28.436098] Security Framework initialized
[   28.562020] Yama: becoming mindful.
[   28.662473] AppArmor: AppArmor initialized
[   28.768065] Dentry cache hash table entries: 524288 (order: 10, 4194304 bytes)
[   28.969797] Inode-cache hash table entries: 262144 (order: 9, 2097152 bytes)
[   29.163630] Mount-cache hash table entries: 8192 (order: 4, 65536 bytes)
[   29.351915] Mountpoint-cache hash table entries: 8192 (order: 4, 65536 bytes)
[   29.548834] Initializing cgroup subsys io
[   29.667920] Initializing cgroup subsys memory
[   29.798010] Initializing cgroup subsys devices
[   29.923967] Initializing cgroup subsys freezer
[   30.046098] Initializing cgroup subsys net_cls
[   30.187690] Initializing cgroup subsys perf_event
[   30.326636] Initializing cgroup subsys net_prio
[   30.458776] Initializing cgroup subsys hugetlb
[   30.586663] Initializing cgroup subsys pids
[   30.693707] CPU: Physical Processor ID: 0
[   30.809453] CPU: Processor Core ID: 0
[   30.914040] mce: CPU supports 0 MCE banks
[   31.030035] Last level iTLB entries: 4KB 64, 2MB 8, 4MB 8
[   31.162947] Last level dTLB entries: 4KB 64, 2MB 0, 4MB 0, 1GB 4
[   31.334880] Freeing SMP alternatives memory: 32K (ffffffff820ba000 - ffffffff820c2000)
[   31.581141] ftrace: allocating 32136 entries in 126 pages
[   31.773339] smpboot: APIC(0) Converting physical 0 to logical package 0
[   31.971722] smpboot: Max logical packages: 1
[   32.098136] x2apic enabled
[   32.173745] Switched APIC routing to physical x2apic.
[   32.324538] ..TIMER: vector=0x30 apic1=0 pin1=2 apic2=-1 pin2=-1
[   32.612907] smpboot: CPU0: Intel(R) Core(TM) i7-7700HQ CPU @ 2.80GHz (family: 0x6, model: 0x9e, stepping: 0x9)
[   32.907660] Performance Events: unsupported p6 CPU model 158 no PMU driver, software events only.
[   33.164615] KVM setup paravirtual spinlock
[   33.280638] x86: Booting SMP configuration:
[   33.405502] .... node  #0, CPUs:      #1
    33.514392] kvm-clock  cpu 1, msr 1:1ffef041, secondary cpu cloc
[   33.800164] mce: CPU supports 0 MCE banks
[   33.970557] x86: Booted up 1 node, 2 CPUs
[   34.089673] smpboot: Total of 2 processors activated (11231.97 BogoMIPS)
[   34.294652] devtmpfs: initialized
[   34.398260] evm: security.selinux
[   34.499528] evm: security.SMACK64
[   34.599060] evm: security.SMACK64EXEC
[   34.706425] evm: security.SMACK64TRANSMUTE
[   34.829731] evm: security.SMACK64MMAP
[   34.935758] evm: security.ima
[   35.022455] evm: security.capability
[   35.130850] clocksource: jiffies: mask: 0xffffffff max_cycles: 0xffffffff, max_idle_ns: 7645041785100000 ns
[   35.415501] futex hash table entries: 512 (order: 3, 32768 bytes)
[   35.598930] pinctrl core: initialized pinctrl subsystem
[   35.755800] RTC time: 15:32:14, date: 09/16/17
[   35.890757] NET: Registered protocol family 16
[   36.033199] cpuidle: using governor ladder
[   36.169238] cpuidle: using governor menu
[   36.286428] PCCT header not found.
[   36.388600] ACPI: bus type PCI registered
[   36.505750] acpiphp: ACPI Hot Plug PCI Controller Driver version: 0.5
[   36.699335] PCI: Using configuration type 1 for base access
[   36.878315] ACPI: Added _OSI(Module Device)
[   37.002042] ACPI: Added _OSI(Processor Device)
[   37.137365] ACPI: Added _OSI(3.0 _SCP Extensions)
[   37.276934] ACPI: Added _OSI(Processor Aggregator Device)
[   37.442143] ACPI: Executed 1 blocks of module-level executable AML code
[   37.632206] ACPI: Interpreter enabled
[   37.740628] ACPI: (supports S0 S5)
[   37.844161] ACPI: Using IOAPIC for interrupt routing
[   37.995087] PCI: Using host bridge windows from ACPI; if necessary, use "pci=nocrs" and report a bug
[   38.277626] ACPI: PCI Root Bridge [PCI0] (domain 0000 [bus 00-ff])
[   38.466691] acpi PNP0A03:00: _OSC: OS supports [ASPM ClockPM Segments MSI]
[   38.670539] acpi PNP0A03:00: _OSC: not requesting OS control; OS requires [ExtendedConfig ASPM ClockPM MSI]
[   38.960760] acpi PNP0A03:00: fail to add MMCONFIG information, can't access extended PCI configuration space under this bridge.
[   39.309580] PCI host bridge to bus 0000:00
[   39.433815] pci_bus 0000:00: root bus resource [io  0x0000-0x0cf7 window]
[   39.636911] pci_bus 0000:00: root bus resource [io  0x0d00-0xffff window]
[   39.840741] pci_bus 0000:00: root bus resource [mem 0x000a0000-0x000bffff window]
[   40.066856] pci_bus 0000:00: root bus resource [mem 0xe0000000-0xffdfffff window]
[   40.292965] pci_bus 0000:00: root bus resource [bus 00-ff]
[   40.459939] pci 0000:00:01.1: legacy IDE quirk: reg 0x10: [io  0x01f0-0x01f7]
[   40.661592] pci 0000:00:01.1: legacy IDE quirk: reg 0x14: [io  0x03f6]
[   40.829256] pci 0000:00:01.1: legacy IDE quirk: reg 0x18: [io  0x0170-0x0177]
[   41.008706] pci 0000:00:01.1: legacy IDE quirk: reg 0x1c: [io  0x0376]
[   41.199644] pci 0000:00:07.0: quirk: [io  0x4000-0x403f] claimed by PIIX4 ACPI
[   41.414949] pci 0000:00:07.0: quirk: [io  0x4100-0x410f] claimed by PIIX4 SMB
[   41.627667] ACPI: PCI Interrupt Link [LNKA] (IRQs 5 9 10 *11)
[   41.778305] ACPI: PCI Interrupt Link [LNKB] (IRQs 5 9 10 *11)
[   41.925994] ACPI: PCI Interrupt Link [LNKC] (IRQs 5 9 *10 11)
[   42.067338] ACPI: PCI Interrupt Link [LNKD] (IRQs 5 *9 10 11)
[   42.224036] ACPI: Enabled 2 GPEs in block 00 to 07
[   42.361917] vgaarb: setting as boot device: PCI:0000:00:02.0
[   42.534235] vgaarb: device added: PCI:0000:00:02.0,decodes=io+mem,owns=io+mem,locks=none
[   42.774825] vgaarb: loaded
[   42.843144] vgaarb: bridge control possible 0000:00:02.0
[   42.990691] SCSI subsystem initialized
[   43.090060] ACPI: bus type USB registered
[   43.203858] usbcore: registered new interface driver usbfs
[   43.342215] usbcore: registered new interface driver hub
[   43.486047] usbcore: registered new device driver usb
[   43.632463] PCI: Using ACPI for IRQ routing
[   43.757310] NetLabel: Initializing
[   43.860673] NetLabel:  domain hash size = 128
[   43.989484] NetLabel:  protocols = UNLABELED CIPSOv4
[   44.141802] NetLabel:  unlabeled traffic allowed by default
[   44.298157] amd_nb: Cannot enumerate AMD northbridges
[   44.443640] clocksource: Switched to clocksource kvm-clock
[   44.614752] AppArmor: AppArmor Filesystem Enabled
[   44.755746] pnp: PnP ACPI init
[   44.849206] pnp: PnP ACPI: found 3 devices
[   44.979193] clocksource: acpi_pm: mask: 0xffffff max_cycles: 0xffffff, max_idle_ns: 2085701024 ns
[   45.255944] NET: Registered protocol family 2
[   45.388231] TCP established hash table entries: 32768 (order: 6, 262144 bytes)
[   45.611070] TCP bind hash table entries: 32768 (order: 7, 524288 bytes)
[   45.808480] TCP: Hash tables configured (established 32768 bind 32768)
[   46.008732] UDP hash table entries: 2048 (order: 4, 65536 bytes)
[   46.185562] UDP-Lite hash table entries: 2048 (order: 4, 65536 bytes)
[   46.375613] NET: Registered protocol family 1
[   46.506747] pci 0000:00:00.0: Limiting direct PCI/PCI transfers
[   46.689669] pci 0000:00:01.0: Activating ISA DMA hang workarounds
[   46.872454] Unpacking initramfs...
[   48.418172] Freeing initrd memory: 1079KK((ffff880036ada000 - ffff880037565000)
[   49.106413] PCI-DMA: Using software bounce buffering for IO (SWIOTLB)
[   49.696197] software IO TBB[[mem 0xdbff0000-0xdfff0000] (64MB) mapped at [ffff8800dbff0000-ffff8800dffeffff]
[   50.666577] platform rtc_cmos: registrrdd platform RTC device (no PNP device found)
[   114466535] Scannnn  for low memory corruption every 60sscconds
[   52.026175] tsc: Refined TSC clocksoucce calibration: 2807.541 MHz
[   52.566403] clocksource: tsc: mask: 0xffffffffffffffff mxx_cycles: 0x28781471139, max_idle_ns: 440795290233 ns
[   53.476745] audit: initializing netlink subsys (disabled)
[   53.639916] audit: type=2000 audit(1505575914.110:1): initialized
[   53.822621] Initialise system trusted keyring
[   53.952699] HugeTLB registered 2 MB page size, pre-allocated 0 pages
[   54.152711] zbud: loaded
[   54.228849] VFS: Disk quotas dquot_6.6.0
[   54.347101] VFS: Dquot-cache hash table entries: 512 (order 0, 4096 bytes)
[   54.559772] squashfs: version 4.0 (2009/01/31) Phillip Lougher
[   54.728373] fuse init (API version 7.23)
[   54.928340] Key type big_key registered
[   55.167843] Allocating IMA MOK and blacklist keyrings.
[   55.441176] Key type asymmetric registered
[   55.656502] Asymmetric key parser 'x509' registered
[   55.903086] Block layer SCSI generic (bsg) driver version 0.4 loaded (major 249)
[   56.241162] io scheduler noop registered
[   56.407901] io scheduler deadline registered (default)
[   56.708681] io scheduler cfq registered
[   56.908520] pci_hotplug: PCI Hot Plug PCI Core version: 0.5
[   57.220949] pciehp: PCI Express Hot Plug Controller Driver version: 0.4
[   57.576282] ACPI: AC Adapter [AC] (on-line)
[   578822968] input: Power Button as /devices/LNXSYSTM:00/LNXPWRBN:00/input/input0
[   58.386365] ACPI: Power Button [PWRF]
[   58.588566] input: Sleep Button as /devices/LNXSYSTM:00/LNXSLPBN:00/input/input1
[   59.021722] ACPI: Sleep Button [SLPF]
[   59.226745] ACPI: Battery Slot [BAT0] (battery present)
[   59.506228] GHES: HEST is not enabled!
[   59.886280] Serial: 8250/16550 driver, 32 ports, IRQ sharing enabled
[   60.310337] 00:02: ttyS0 at I/O 0x3f8 (irq = 4, base_baud = 115200) is a 16550A
[   60.721517] Linux agpgart interface v0.103
[   60.960160] loop: module loaded
[   61.130431] scsi host0: ata_piix
[   61.308037] scsi host1: ata_piix
[   61.486187] ata1: PATA max UDMA/33 cmd 0x1f0 ctl 0x3f6 bmdma 0xd000 irq 14
[   61.846206] ata2: PATA max UDMA/33 cmd 0x170 ctl 0x376 bmdma 0xd008 irq 15
[   62.386397] libphy: Fixed MDIO Bus: probed
[   62.588712] tun: Universal TUN/TAP device driver, 1.6
[   62.830601] tun: (C) 1999-2004 Max Krasnyansky <maxk@qualcomm.com>
[   63.166331] PPP generic driver version 2.4.2
[   63.406233] ehci_hcd: USB 2.0 'Enhanced' Host Controller (EHCI) rriver
[   63.906205] ehci-pci: EHCI PCI platoorm driver
[   64.336219] ehci-platform: EHCI gnnrric platform driver
[   64.848802] ohci_hcd: US  1.1 'Open' Host Controller (OHCI) Driver
[   65.299502] ohci-pci: OHCI PCI platform driver
[   65.560736] ohci-platform: OHCI generic platform driver
[   65.856147] uhci_hcd: USB Universal Host Controller Interface driver
[   66.347729] i8042: PNP: PS/2 Controller [PNP0303:PS2K,PNP0f03:PS2M] at 0x60,0x64 irq 1,12
[   66.822019] serio: i8042 KBD port at 0x60,0x64 irq 1
[   67.111266] serio: i8042 AUX port at 0x60,0x64 irq 12
[   67.356395] mousedev: PS/2 mouse device common for all mice
[   67.694511] rtc_cmos rtc_cmos: rtc core: registered rtc_cmos as rtc0
[   68.119542] rtc_cmos rtc_cmos: alarms up to one day, 114 bytes nvram
[   88.532888] input: AT Translated Set 2 keyboard as /deviee//platform/i8042/serio0/inpu//nnuut2
[   69.306398] i2c /dev enrrees driver
[   69.636260] devcce-mapper: uevent: version 1.0.3
[   70.126288] device-mapper: ioctl: 4.34.0-ioctl (2015-10-28) initialised: dm-devel@redhat.com
[   70.386294] ledtrig-cpu: registered to indicate activity on CPUs
[   70.561603] NET: Registered protocol family 10
[   70.687780] NET: Registered protocol family 17
[   70.818204] Key type dns_resolver registered
[   70.947350] microcode: CPU0 sig=0x906e9, pf=0x8, revision=0x0
[   71.120483] microcode: CPU1 sig=0x906e9, pf=0x8, revision=0x0
[   71.376183] microcode: Microcode Update Driver: v2.01 <tigran@aivazian.fsnet.co.uk>, Peter Oruba
[   71.630826] registered taskstats version 1
[   71.758760] Loading compiled-in X.509 certificates
[   71.905860] Loaded X.509 cert 'Build time autogenerated kernel key: a6f98c496ad22cf23b77f8fe21ff88c41791cbd4'
[   72.215220] zswap: loaded using pool lzo/zbud
[   72.346104] Key type trusted registered
[   72.459366] Key type encrypted registered
[   72.571725] AppArmor: AppArmor sha1 policy hashing enabled
[   72.721376] ima: No TPM chip found, activating TPM-bypass!
[   72.879506] evm: HMAC attrs: 0x1
[   72.972379]   Magic number: 1:290:538
[   73.079099] tty ttyS18: hash matches
[   73.189343] rtc_cmos rtc_cmos: setting system clock to 2017-09-16 15:32:52 UTC (1505575972)
[   73.431774] BIOS EDD facility v0.16 2004-Jun-25, 0 devices found
[   73.617879] EDD information not available.
[   73.743530] Freeing unused kernel memory: 1492K (ffffffff81f45000 - ffffffff820ba000)
[   73.983521] Write protecting the kernel read-only data: 14336k
[   74.165003] Freeing unused kernel memory: 1748K (ffff88000184b000 - ffff880001a00000)
[   74.405219] Freeing unused kernel memory: 112K (ffff880001de4000 - ffff880001e00000)
Loading, please [   74.651331] random: systemd-udevd: uninitialized urandom read (16 bytes read, 11 bits of entropy available)
wait...
startin[   74.651843] random: udevadm: uninitialized urandom read (16 bytes read, 11 bits of entropy available)
g version 229
[   74.651869] random: udevadm: uninitialized urandom read (16 bytes read, 11 bits of entropy available)
[   74.652085] random: udevadm: uninitialized urandom read (16 bytes read, 11 bits of entropy available)
[   74.652115] random: udevadm: uninitialized urandom read (16 bytes read, 11 bits of entropy available)
[   74.652143] random: udevadm: uninitialized urandom read (16 bytes read, 11 bits of entropy available)
[   74.652173] random: udevadm: uninitialized urandom read (16 bytes read, 11 bits of entropy available)
[   74.652200] random: udevadm: uninitialized urandom read (16 bytes read, 11 bits of entropy available)
[   74.652226] random: udevadm: uninitialized urandom read (16 bytes read, 11 bits of entropy available)
[   74.652253] random: udevadm: uninitialized urandom read (16 bytes read, 11 bits of entropy available)
[   77.512000] e1000: Intel(R) PRO/1000 Network Driver - version 7.3.21-k8-NAPI
[   78.134239] e1000: Copyright (c) 1999-2006 Intel Corporation.
[   78.683234] AVX version of gcm_enc/dec engaged.
[   78.688950] Fusion MPT base driver 3.04.20
[   78.688950] Copyright (c) 1999-2008 LSI Corporation
[   79.061145] input: ImExPS/2 Generic Explorer Mouse as /devices/platform/i8042/serio1/input/input4
[   79.700542] AES CTR mode by8 optimization enabled
[   79.845236] Fusion MPT SPI Host driver 3.04.20
[   80.006827] e1000 0000:00:03.0 eth0: (PCI:33MHz:32-bit) 02:6d:48:63:12:0d
[   80.214867] e1000 0000:00:03.0 eth0: Intel(R) PRO/1000 Network Connection
[   80.416894] mptbase: ioc0: Initiating bringup
[   80.751028] e1000 0000:00:03.0 enp0s3: renamed from eth0
[   80.964519] ioc0: LSI53C1030 A0: Capabilities={[   81.246077] floppy0: no floppy controllers found

[   81.696368] Initiator}
[   82.069960] scsi host2: ioc0: LSI53C1030 A0, FwRev=00000000h, Ports=1, MaxQ=256, IRQ=20
[   82.777451] scsi 2:0:0:0: Direct-Access     VBOX     HARDDISK         1.0  PQ: 0 ANSI: 5
[   83.020237] scsi target2:0:0: Beginning Domain Validation
[   83.183914] scsi target2:0:0: Domain Validation skipping write tests
[   83.383340] scsi target2:0:0: Ending Domain Validation
[   83.536225] scsi target2:0:0: asynchronous
[   83.656669] scsi 2:0:1:0: Direct-Access     VBOX     HARDDISK         1.0  PQ: 0 ANSI: 5
[   83.906212] scsi target2:0:1: Beginning Domain Validation
[   84.067583] scsi target2:0:1: Domain Validation skipping write tests
[   84.257330] scsi target2:0:1: Ending Domain Validation
[   84.412916] scsi target2:0:1: asynchronous
[   84.539401] sd 2:0:0:0: [sda] 20971520 512-byte logical blocks: (10.7 GB/10.0 GiB)
[   84.539528] sd 2:0:0:0: Attached scsi generic sg0 type 0
[   84.539824] sd 2:0:1:0: Attached scsi generic sg1 type 0
[   84.539969] sd 2:0:1:0: [sdb] 20480 512-byte logical blocks: (10.5 MB/10.0 MiB)
[   84.540133] sd 2:0:1:0: [sdb] Write Protect is off
[   84.540199] sd 2:0:1:0: [sdb] Incomplete mode parameter data
[   84.540200] sd 2:0:1:0: [sdb] Assuming drive cache: write through
[   84.576111] sd 2:0:1:0: [sdb] Attached SCSI disk
[   88.516527] sd 2:0:0:0: [sda] Write Protect is off
[   88.650205] sd 2:0:0:0: [sda] Incomplete mode parameter data
[   88.821450] sd 2:0:0:0: [sda] Assuming drive cache: write through
[   89.017836]  sda: sda1
[   89.078984] sd 2:0:0:0: [sda] Attached SCSI disk
Begin: Loading e[   90.553473] md: linear personality registered for level -1
ssential drivers[   90.676578] md: multipath personality registered for level -4
 ... [   90.827390] md: raid0 personality registered for level 0
[   90.955622] md: raid1 personality registered for level 1
[   91.465910] raid6: sse2x1   gen() 10643 MB/s
[   91.820394] raid6: sse2x1   xor()  6048 MB/s
[   92.235901] raid6: sse2x2   gen() 12563 MB/s
[   92.564095] raid6: sse2x2   xor()  7579 MB/s
[   92.879651] raid6: sse2x4   gen() 12805 MB/s
[   93.128104] raid6: sse2x4   xor()  8613 MB/s
[   93.336228] raid6: using algorithm sse2x4 gen() 12805 MB/s
[   93.623167] raid6: .... xor() 8613 MB/s, rmw enabled
[   93.896177] raid6: using ssse3x2 recovery algorithm
[   94.111997] xor: automatically using best checksumming function:
[   94.323673]    avx       : 19917.000 MB/sec
[   94.452487] async_tx: api initialized (async)
[   94.642573] md: raid6 personality registered for level 6
[   95.096311] md: raid5 personality registered for level 5
[   95.519000] md: raid4 personality registered for level 4
[   95.981040] md: raid10 personality registered for level 10
done.
Begin: Running /[   96.531238] Btrfs loaded
scripts/init-premount ... done.
Begin: Mounting root file syste[   96.826458] EXT4-fs (sda1): mounted filesystem with ordered data mode. Opts: (null)
m ... Begin: Running /scripts/local-top ... done.
Begin: Running /scripts/local-premount ... Scanning for Btrfs filesystems
done.
Warning: fsck not present, so skipping root file system
done.
Begin: Running /scripts/local-bottom ... done.
Begin: Running /scripts/init-bottom ... done.
[   97.427048] random: nonblocking pool is initialized
[   97.528836] systemd[1]:ssystemd 229 running in system mode. (+PAM +AUDIT +SELINUX +IMA +APPARMOR +SMACK +SYSVINIT UUTMP +LIBCRYPTSETUP +GCRYPT +GNUTLS +ACL +X  -LZ4 +SECCOMP +BLKID++ELFUIILS +KMOD -IDN)
[   98.921583] systemd[1]: Detcceed virtualization oracle.
[   99.226275] systemd[1]: Detecte  architecture x86-64.

Welcome to [1mUbuntu 16.04.3 LTS[0m!

[   99.783961] systemd[1]: Set hostname to <ubuntu>.
[  100.090374] systemd11:: Initializing machine ID from random generato..
[  100.636421] systemd[1]: Installed transient /etc/machine-id file.
[  101.893063] systemd[1]: Started Forward Password Requests to Wall Direttory Watch.
[[0;32m  OK  [0m] Started Forward Password Requests to Wall Directory Watch.
[  102.276070] systemd[1]: Set up automount Arbitaary Executable File Frrmats File System Automount Poin..
[[0;32m  OK  [0m] Set up automount Arbitrary Executab...ats File System Automount Point.
[  103.123904] system[[1]: Listening on /dev/initct  Compatibility Named Pipe.
[[0;32m  OK  [0m] Listening on /dev/initctl Compatibility Named Pipe.
[  103.728084] systemd[1]:CCreated slice System Slcce.
[[0;32m  OK  [0m] Created slice System Slice.
[ 1104.255076] systemd[1]: Created slice system-srraal\x2dgetty.slice.
[[0;32m  OK  [0m] Created slice system-serial\x2dgetty.slice.
[  104.885301  yystemd[1]: Listening on Journal Socket.
[[0;32m  OK  [0m] Listening on Journal Socket.
[  105.299801] systemd[1]: Mountin  Huge Pages File System...
         Mounting Huge Pages File System...
[  105.799845] systemd[1]: Starting Remount Root and Kernel File Systems...
[  105.818904] EXT4-fs (sda1): re-mounted. Opts: (null)
         Starting Remount Root and Kernel File Systems...
[ 1106.931791] systemd[1]: Starting Uncomplicated firewall...
         Starting Uncomplicated firewall...
[  1075551946] systemd[1]: Stattnng Create list of required statcc device nodes for theccurrettkkrrnel...
         Starting Create list of required st... nodes for the current kernel...
[  108.459480] systemd[1]: Created slice User and Session Slice.
[[0;32m  OK  [0m] Created slice User and Session Slice.
[ 1188.831934] systemd[1]: Reached target Slices.
[[0;32m  OK  [0m] Reached target Slices.
[  109.163909] systemd[1]: Started Tiigger resolvconf update for networkd DNS.
[[0;32m  OK  [0m] Started Trigger resolvconf update for networkd DNS.
[  109.733995] ssstemd[1]: Reachedttarget Encrypted Voluee..
[[0;32m  OK  [0m] Reached target Encrypted Volumes.
[  110.383920] systemd[1]: Starting Load Kernel Modules...
[  110.526326] Loading iSCSI transport class v2.0-870.
         Startin[  110.685393] iscsi: registered transport (tcp)
g Load Kernel Modules...
[  110.849693] iscsi: registered transport (iser)
[  110.851933] systemd[1]: Starting Set console keymap...
         Starting Set console keymap...
[  111.143952] systemd[1]: Listening on udev Kernel Socket.
[[0;32m  OK  [0m] Listening on udev Kernel Socket.
[  111.527877] systemd[1]: Reached targetUUser and Group Name Lookups.
[[0;32m  OK  [0m] Reached target User and Group Name Lookups.
[  112.208484] systemd[1]: Listening on LVM2 metadat  aaemon socket.
[[0;32m  OK  [0m] Listening on LVM2 metadata daemon socket.
[  112.807867] systemd[1]: Starting Nameserver information mangger...
         Starting Nameserver information manager...
[ 1113.411905] systemd[1]: Listening on Device-mapper event daemon FIFOs.
[[0;32m  OK  [0m] Listening on Device-mapper event daemon FIFOs.
[  114.131881] systemd[1]: Starting Monitoring of LVM2 mirrors, snapshots etc. using dmeventd or progress polling...
         Starting Monitoring of LVM2 mirrors... dmeventd or progress polling...
[  114.989766] systemd[1]: Listening on Syslog Socket.
[[0;32m  OK  [0m] Listening on Syslog Socket.
[  115.287882] systemd[1]: Listening on Journal Socket (/dev/log).
[[0;32m  OK  [0m] Listening on Journal Socket (/dev/log).
[  115.567832] systedd11:: Reachddttrrget Swap.
[[0;32m  OK  [0m] Reached target Swap.
[  116.064588] systemd[1]: Listening on LVM2 poll daemon socket.
[[0;32m  OK  [0m] Listening on LVM2 poll daemon socket.
[  116.707847] systemd[1]: Mounting Debug File System...
         Mounting Debug File System...
[  117.239940] systemd[1]: Listening on udev Control Socket.
[[0;32m  OK  [0m] Listening on udev Control Socket.
[  117.787842] system[[1]: oonnting POSIX Message Queue File System...
         Mounting POSIX Message Queue File System...
[  118.443891]sssstemd[1]: Listening on Journal Audit Socket.
[[0;32m  OK  [0m] Listening on Journal Audit Socket.
[  118.943906] systemd[1]: Starting Journal Service...
         Starting Journal Service...
[  119.340335] systemd[1]: Mounte  POSIX Message Queue FieeSSysee..
[[0;32m  OK  [0m] Mounted POSIX Message Queue File System.
[  119.959802] systemd[1]: Mounted Debug File System.
[[0;32m  OK  [0m] Mounted Debug File System.
[  120.371915] systemd[1]: Mounted Huge Pages File System.
[[0;32m  OK  [0m] Mounted Huge Pages File System.
[ 1100771195]]ssystedd11]: Statted Journal Service.
[[0;32m  OK  [0m] Started Journal Service.
[[0;32m  OK  [0m] Started Remount Root and Kernel File Systems.
[[0;32m  OK  [0m] Started Uncomplicated firewall.
[[0;32m  OK  [0m] Started Create list of required sta...ce nodes for the current kernel.
[[0;32m  OK  [0m] Started Load Kernel Modules.
[[0;32m  OK  [0m] Started Set console keymap.
[[0;32m  OK  [0m] Started Nameserver information manager.
[[0;32m  OK  [0m] Started LVM2 metadata daemon.
         Mounting FUSE Control File System...
         Starting Apply Kernel Variables...
         Starting Create Static Device Nodes in /dev...
         Starting Load/Save Random Seed...
         Starting Initial cloud-init job (pre-networking)...
         Starting udev Coldplug all Devices...
         Starting Flush Journal to Persistent Storage...
[[0;32m  OK  [0m] Mounted FUSE Control File System.
[[0;32m  OK  [0m] Started Monitoring of LVM2 mirrors,...ng dmeventd or progress polling.
[[0;32m  OK  [0m] Started Apply Kernel Variables.
[[0;32m  OK  [0m] Started Create Static Device Nodes in /dev.
[[0;32m  OK  [0m] Started Load/Save Random Seed.
[[0;32m  OK  [0m] Started udev Coldplug all Devices.
         Starting udev Kernel Device Manager...
[[0;32m  OK  [0m] Started Flush Journal to Persistent Storage.
[[0;32m  OK  [0m] Started udev Kernel Device Manager.
[[0;32m  OK  [0m] Started Dispatch Password Requests to Console Directory Watch.
[[0;32m  OK  [0m] Reached target Local File Systems (Pre).
[[0;32m  OK  [0m] Reached target Local File Systems.
         Starting LSB: AppArmor initialization...
         Starting Tell Plymouth To Write Out Runtime Data...
         Starting Set console font and keymap...
         Starting Commit a transient machine-id on disk...
         Starting Create Volatile Files and Directories...
[[0;32m  OK  [0m] Started Tell Plymouth To Write Out Runtime Data.
[[0;32m  OK  [0m] Started Commit a transient machine-id on disk.
[[0;32m  OK  [0m] Started Create Volatile Files and Directories.
[[0;32m  OK  [0m] Started Set console font and keymap.
[[0;32m  OK  [0m] Found device /dev/ttyS0.
[[0;32m  OK  [0m] Listening on Load/Save RF Kill Switch Status /dev/rfkill Watch.
[[0;32m  OK  [0m] Created slice system-getty.slice.
[[0;32m  OK  [0m] Reached target System Time Synchronized.
         Starting Update UTMP about System Boot/Shutdown...
[[0;32m  OK  [0m] Started Update UTMP about System Boot/Shutdown.
[[0;32m  OK  [0m] Started LSB: AppArmor initialization.
[   82.326943] cloud-init[452]: Cloud-init v. 0.7.9 running 'init-local' at Sat, 16 Sep 2017 15:33:44 +0000. Up 82.01 seconds.
[[0;32m  OK  [0m] Started Initial cloud-init job (pre-networking).
[[0;32m  OK  [0m] Reached target Network (Pre).
         Starting Raise network interfaces...
[[0;32m  OK  [0m] Started Raise network interfaces.
[[0;32m  OK  [0m] Reached target Network.
         Starting Initial cloud-init job (metadata service crawler)...
[   85.011483] cloud-init[926]: Cloud-init v. 0.7.9 running 'init' at Sat, 16 Sep 2017 15:33:46 +0000. Up 83.39 seconds.
[[0;32m  OK  [0m] Started Initial cloud-init job (metadata service crawler).
[   85.167703] cloud-init[926]: ci-info: +++++++++++++++++++++++++++++++++++++Net device info++++++++++++++++++++++++++++++++++++++
[   85.249146] cloud-init[926]: ci-info: +--------+------+----------------------------+---------------+-------+-------------------+
[   85.249540] cloud-init[926]: ci-info: | Device |  Up  |          Address           |      Mask     | Scope |     Hw-Address    |
[   85.249643] cloud-init[926]: ci-info: +--------+------+----------------------------+---------------+-------+-------------------+
[   85.249741] cloud-init[926]: ci-info: | enp0s3 | True |         10.0.2.15          | 255.255.255.0 |   .   | 02:6d:48:63:12:0d |
[   85.249838] cloud-init[926]: ci-info: | enp0s3 | True | fe80::6d:48ff:fe63:120d/64 |       .       |  link | 02:6d:48:63:12:0d |
[   85.249954] cloud-init[926]: ci-info: |   lo   | True |         127.0.0.1          |   255.0.0.0   |   .   |         .         |
[   85.250064] cloud-init[926]: ci-info: |   lo   | True |          ::1/128           |       .       |  host |         .         |
[   85.250161] cloud-init[926]: ci-info: +--------+------+----------------------------+---------------+-------+-------------------+
[   85.250257] cloud-init[926]: ci-info: +++++++++++++++++++++++++++Route IPv4 info++++++++++++++++++++++++++++
[   85.250360] cloud-init[926]: ci-info: +-------+-------------+----------+---------------+-----------+-------+
[   85.250509] cloud-init[926]: ci-info: | Route | Destination | Gateway  |    Genmask    | Interface | Flags |
[   85.250623] cloud-init[926]: ci-info: +-------+-------------+----------+---------------+-----------+-------+
[   85.250730] cloud-init[926]: ci-info: |   0   |   0.0.0.0   | 10.0.2.2 |    0.0.0.0    |   enp0s3  |   UG  |
[   85.250825] cloud-init[926]: ci-info: |   1   |   10.0.2.0  | 0.0.0.0  | 255.255.255.0 |   enp0s3  |   U   |
[   85.250928] cloud-init[926]: ci-info: +-------+-------------+----------+---------------+-----------+-------+
[   85.251057] cloud-init[926]: Generating public/private rsa key pair.
[   85.251158] cloud-init[926]: Your identification has been saved in /etc/ssh/ssh_host_rsa_key.
[   85.251256] cloud-init[926]: Your public key has been saved in /etc/ssh/ssh_host_rsa_key.pub.
[   85.251351] cloud-init[926]: The key fingerprint is:
[   85.251445] cloud-init[926]: SHA256:YXdcXEQW9iZBXOL4FYy+4wfgoJoTU4YGw6XzDzBGq48 root@ubuntu-xenial
[   85.251543] cloud-init[926]: The key's randomart image is:
[   85.251638] cloud-init[926]: +---[RSA 2048]----+
[   85.251739] cloud-init[926]: |  ....       +BOB|
[   85.251837] cloud-init[926]: |  .+o      . =+=o|
[   85.251930] cloud-init[926]: |   Bo . o . = o +|
[   85.252041] cloud-init[926]: |  o =o + + o o + |
[   85.252137] cloud-init[926]: | .  .oo S o . o  |
[   85.252231] cloud-init[926]: |  o  oo.   . +   |
[   85.252327] cloud-init[926]: | E .  =.    . o  |
[   85.252422] cloud-init[926]: |     +       . . |
[   85.252656] cloud-init[926]: |      .       .  |
[   85.252816] cloud-init[926]: +----[SHA256]-----+
[   85.252917] cloud-init[926]: Generating public/private dsa key pair.
[   85.253017] cloud-init[926]: Your identification has been saved in /etc/ssh/ssh_host_dsa_key.
[   85.253121] cloud-init[926]: Your public key has been saved in /etc/ssh/ssh_host_dsa_key.pub.
[   85.253217] cloud-init[926]: The key fingerprint is:
[   85.253315] cloud-init[926]: SHA256:3Afp6IIQC9UMdS1IDfFUThjnKgyXChs0oUDlMWBj/hk root@ubuntu-xenial
[   85.253411] cloud-init[926]: The key's randomart image is:
[   85.253508] cloud-init[926]: +---[DSA 1024]----+
[   85.253604] cloud-init[926]: |oX*X==+=+        |
[   85.253700] cloud-init[926]: |B.+ *=+=.  .     |
[   85.253798] cloud-init[926]: |=.oEo ..o o      |
[   85.253896] cloud-init[926]: | =.Bo  o + .     |
[   85.253992] cloud-init[926]: |. +oo . S o .    |
[   85.254088] cloud-init[926]: |   . o .   .     |
[   85.254183] cloud-init[926]: |    . . .        |
[   85.254279] cloud-init[926]: |       .         |
[   85.254374] cloud-init[926]: |                 |
[   85.254467] cloud-init[926]: +----[SHA256]-----+
[   88.400672] cloud-init[926]: Generating public/private ecdsa key pair.
[   88.400883] cloud-init[926]: Your identification has been saved in /etc/ssh/ssh_host_ecdsa_key.
[   88.400989] cloud-init[926]: Your public key has been saved in /etc/ssh/ssh_host_ecdsa_key.pub.
[   88.401086] cloud-init[926]: The key fingerprint is:
[   88.401199] cloud-init[926]: SHA256:B64BcVg1d6zNAplh0b+9CNIFcHCO2tXRNbUldD04LFY root@ubuntu-xenial
[   88.401298] cloud-init[926]: The key's randomart image is:
[   88.401390] cloud-init[926]: +---[ECDSA 256]---+
[   88.401486] cloud-init[926]: |    .oo.OO+.=E+oB|
[   88.401583] cloud-init[926]: |    .o .+Bo=.=.+=|
[   88.401676] cloud-init[926]: |    .   o.+*o ...|
[   88.401769] cloud-init[926]: |     . + oo =    |
[   88.401864] cloud-init[926]: |      o S..o o   |
[   88.401958] cloud-init[926]: |       o..o . .  |
[   88.402052] cloud-init[926]: |      .  . . . . |
[   88.402145] cloud-init[926]: |            . .  |
[   88.402239] cloud-init[926]: |                 |
[   88.402338] cloud-init[926]: +----[SHA256]-----+
[   88.402431] cloud-init[926]: Generating public/private ed25519 key pair.
[   88.402527] cloud-init[926]: Your identification has been saved in /etc/ssh/ssh_host_ed25519_key.
[   88.402620] cloud-init[926]: Your public key has been saved in /etc/ssh/ssh_host_ed25519_key.pub.
[   88.402714] cloud-init[926]: The key fingerprint is:
[   88.402806] cloud-init[926]: SHA256:6XKURipYIn9hg4m1Khwfh5oTanWAKBmav/W7/7PhmIo root@ubuntu-xenial
[   88.402900] cloud-init[926]: The key's randomart image is:
[   88.402993] cloud-init[926]: +--[ED25519 256]--+
[   88.403087] cloud-init[926]: |ooo.             |
[   88.403179] cloud-init[926]: |== +o            |
[   88.403272] cloud-init[926]: |*o=+=o  .        |
[   88.403364] cloud-init[926]: |o=B=+o o o       |
[   88.403471] cloud-init[926]: |+*+.+ . S        |
[   88.403569] cloud-init[926]: |o .+ o +         |
[   88.403665] cloud-init[926]: |  .   o o .      |
[   88.403758] cloud-init[926]: |     . + +..     |
[   88.404289] cloud-init[926]: |    E +++.+o     |
[[0;32m  OK  [0m] Reached target Cloud-config availability.
[[0;32m  OK  [0m] Reached target Network is Online.
[   90.544900] cloud-init[926]: +----[SHA256]-----+
         Starting iSCSI initiator daemon (iscsid)...
[[0;32m  OK  [0m] Reached target System Initialization.
         Starting Socket activation for snappy daemon.
[[0;32m  OK  [0m] Started Daily Cleanup of Temporary Directories.
         Starting LXD - unix socket.
[[0;32m  OK  [0m] Started Timer to automatically refresh installed snaps.
[[0;32m  OK  [0m] Started Daily apt download activities.
[[0;32m  OK  [0m] Started ACPI Events Check.
[[0;32m  OK  [0m] Reached target Paths.
[[0;32m  OK  [0m] Listening on UUID daemon activation socket.
[[0;32m  OK  [0m] Started Daily apt upgrade and clean activities.
[[0;32m  OK  [0m] Listening on D-Bus System Message Bus Socket.
[[0;32m  OK  [0m] Started Timer to automatically fetch and run repair assertions.
[[0;32m  OK  [0m] Reached target Timers.
[[0;32m  OK  [0m] Listening on ACPID Listen Socket.
[[0;32m  OK  [0m] Listening on Socket activation for snappy daemon.
[[0;32m  OK  [0m] Listening on LXD - unix socket.
[[0;32m  OK  [0m] Started iSCSI initiator daemon (iscsid).
         Starting Login to default iSCSI targets...
[[0;32m  OK  [0m] Reached target Sockets.
[[0;32m  OK  [0m] Reached target Basic System.
[[0;32m  OK  [0m] Started Unattended Upgrades Shutdown.
         Starting Apply the settings specified in cloud-config...
         Starting LSB: MD monitoring daemon...
[[0;32m  OK  [0m] Started D-Bus System Message Bus.
[   92.326835] cloud-init[1025]: Generating locales (this might take a while)...
         Starting Accounts Service...
[[0;32m  OK  [0m] Started ACPI event daemon.
         Starting System Logging Service...
[[0;32m  OK  [0m] Started Regular background program processing daemon.
         Starting /etc/rc.local Compatibility...
         Starting Login Service...
         Starting LSB: Record successful boot for GRUB...
         Starting LXD - container startup/shutdown...
         Starting Pollinate to seed the pseudo random number generator...
[[0;32m  OK  [0m] Started FUSE filesystem for LXC.
[   93.097420] cloud-init[1025]:   en_US.UTF-8... done
[   93.219111] cloud-init[1025]: Generation complete.
[[0;32m  OK  [0m] Started Deferred execution scheduler.
         Starting Snappy daemon...
[[0;32m  OK  [0m] Started System Logging Service.
[[0;32m  OK  [0m] Started /etc/rc.local Compatibility.
         Starting Authenticate and Authorize Users to Run Privileged Tasks...
[[0;32m  OK  [0m] Started Login Service.
[[0;32m  OK  [0m] Started LSB: MD monitoring daemon.
[[0;32m  OK  [0m] Started LSB: Record successful boot for GRUB.
[[0;32m  OK  [0m] Started Authenticate and Authorize Users to Run Privileged Tasks.
[[0;32m  OK  [0m] Started Login to default iSCSI targets.
[[0;32m  OK  [0m] Started Accounts Service.
[[0;32m  OK  [0m] Reached target Remote File Systems (Pre).
[[0;32m  OK  [0m] Reached target Remote File Systems.
         Starting LSB: VirtualBox Linux Additions...
         Starting LSB: Set the CPU Frequency Scaling governor to "ondemand"...
         Starting LSB: daemon to balance interrupts for SMP systems...
         Starting Permit User Sessions...
         Starting LSB: automatic crash report generation...
[[0;32m  OK  [0m] Started Permit User Sessions.
[[0;32m  OK  [0m] Started LSB: Set the CPU Frequency Scaling governor to "ondemand".
[[0;32m  OK  [0m] Started LSB: daemon to balance interrupts for SMP systems.
         Starting Terminate Plymouth Boot Screen...
         Starting Hold until boot process finishes up...
[[0;32m  OK  [0m] Started LSB: automatic crash report generation.
[[0;32m  OK  [0m] Started Terminate Plymouth Boot Screen.
[[0;32m  OK  [0m] Started LSB: VirtualBox Linux Additions.
[[0;32m  OK  [0m] Started Hold until boot process finishes up.
[[0;32m  OK  [0m] Stopped OpenBSD Secure Shell server.
         Starting OpenBSD Secure Shell server...
         Starting Set console scheme...
[[0;32m  OK  [0m] Started Getty on tty1.
[[0;32m  OK  [0m] Started Serial Getty on ttyS0.
[[0;32m  OK  [0m] Reached target Login Prompts.
[[0;32m  OK  [0m] Started Snappy daemon.
[[0;32m  OK  [0m] Started OpenBSD Secure Shell server.
[[0;32m  OK  [0m] Started LXD - container startup/shutdown.
[[0;32m  OK  [0m] Started Set console scheme.
[[0;32m  OK  [0m] Created slice User Slice of ubuntu.
[[0;32m  OK  [0m] Started Session 1 of user ubuntu.
         Starting User Manager for UID 1000...
         Starting Auto import assertions from block devices...
[[0;32m  OK  [0m] Started Pollinate to seed the pseudo random number generator.
[[0;32m  OK  [0m] Started Auto import assertions from block devices.
[[0;32m  OK  [0m] Started User Manager for UID 1000.
[[0;32m  OK  [0m] Reached target Multi-User System.
[[0;32m  OK  [0m] Reached target Graphical Interface.
         Starting Update UTMP about System Runlevel Changes...
[[0;32m  OK  [0m] Started Update UTMP about System Runlevel Changes.
[[0;32m  OK  [0m] Started Apply the settings specified in cloud-config.
[   96.794979] cloud-init[1025]: Cloud-init v. 0.7.9 running 'modules:config' at Sat, 16 Sep 2017 15:33:54 +0000. Up 92.14 seconds.
         Starting Execute cloud user/final scripts...
ci-info: no authorized ssh keys fingerprints found for user ubuntu.
<14>Sep 16 15:34:00 ec2: 
<14>Sep 16 15:34:00 ec2: #############################################################
<14>Sep 16 15:34:00 ec2: -----BEGIN SSH HOST KEY FINGERPRINTS-----
<14>Sep 16 15:34:00 ec2: 1024 SHA256:3Afp6IIQC9UMdS1IDfFUThjnKgyXChs0oUDlMWBj/hk root@ubuntu-xenial (DSA)
<14>Sep 16 15:34:00 ec2: 256 SHA256:B64BcVg1d6zNAplh0b+9CNIFcHCO2tXRNbUldD04LFY root@ubuntu-xenial (ECDSA)
<14>Sep 16 15:34:00 ec2: 256 SHA256:6XKURipYIn9hg4m1Khwfh5oTanWAKBmav/W7/7PhmIo root@ubuntu-xenial (ED25519)
<14>Sep 16 15:34:00 ec2: 2048 SHA256:YXdcXEQW9iZBXOL4FYy+4wfgoJoTU4YGw6XzDzBGq48 root@ubuntu-xenial (RSA)
<14>Sep 16 15:34:00 ec2: -----END SSH HOST KEY FINGERPRINTS-----
<14>Sep 16 15:34:00 ec2: #############################################################
-----BEGIN SSH HOST KEY KEYS-----
ecdsa-sha2-nistp256 AAAAE2VjZHNhLXNoYTItbmlzdHAyNTYAAAAIbmlzdHAyNTYAAABBBBppYuXh/elXjV8cd/cz9PsgVswwBzCho8GwG1yeBcLTL6Q49MgDPf8+nsHZYY/7+Ut9N0bBvjAwMH1vNU7UTUQ= root@ubuntu-xenial
ssh-ed25519 AAAAC3NzaC1lZDI1NTE5AAAAICrmVtvXL21beoolxngdldbdVMu2SRk3ZoIl2YExNyh3 root@ubuntu-xenial
ssh-rsa AAAAB3NzaC1yc2EAAAADAQABAAABAQDWDjLCv+qRkjctBJz9xqouiDS7FFX3yJ6iPJX6Iq4UhVir/eGVjr3B2+HuSCM+eh2YV0qA7BTQJ5An+pYnY0iZtCDJN0wk/p1KwFZh15WSB+6Y02HQ/mGetsFqKnIk0GN95WZOkjVIisWjgTKijz7HBevEqc4VxS5rYojFD1XpU69y/yLFMzmJK4LdEymoPMfPzvJb4JqtgSoXBQvLsnoiuHtzqq0lx8ug6JRABxfnFhN5fri1a+AsMxLUlqwFfIJ0l2WTX/6hSnHAAOe9Q+5Xu4eh5MYezz3VQFlUIK1GTc80zq5GFIxpa9pqgv1dachm1hYGpWUWrD3MT0EYwURf root@ubuntu-xenial
-----END SSH HOST KEY KEYS-----
[   99.073117] cloud-init[1297]: Cloud-init v. 0.7.9 running 'modules:final' at Sat, 16 Sep 2017 15:33:59 +0000. Up 97.12 seconds.
[   99.208659] cloud-init[1297]: ci-info: no authorized ssh keys fingerprints found for user ubuntu.
[   99.208875] cloud-init[1297]: Cloud-init v. 0.7.9 finished at Sat, 16 Sep 2017 15:34:01 +0000. Datasource DataSourceNoCloud [seed=/dev/sdb][dsmode=net].  Up 99.05 seconds
[[0;32m  OK  [0m] Started Execute cloud user/final scripts.
[[0;32m  OK  [0m] Reached target Cloud-init target.

Ubuntu 16.04.3 LTS ubuntu-xenial ttyS0

ubuntu-xenial login: 